<?xml version="1.0" encoding="UTF-8"?>
<testsuite xmlns:xsi="http://www.w3.org/2001/XMLSchema-instance" xsi:noNamespaceSchemaLocation="https://maven.apache.org/surefire/maven-surefire-plugin/xsd/surefire-test-report-3.0.xsd" version="3.0" name="com.nagarro.calculatormvc.CalculatorMvcProjectApplicationTests" time="3.002" tests="1" errors="0" skipped="0" failures="0">
  <properties>
[...]
</properties>
  <testcase name="contextLoads" classname="com.nagarro.calculatormvc.CalculatorMvcProjectApplicationTests" time="1.153">
    <system-out><![CDATA[21:24:34.467 [main] INFO org.springframework.test.context.support.AnnotationConfigContextLoaderUtils -- Could not detect default configuration classes for test class [com.nagarro.calculatormvc.CalculatorMvcProjectApplicationTests]: CalculatorMvcProjectApplicationTests does not declare any static, non-private, non-final, nested classes annotated with @Configuration.
21:24:34.586 [main] INFO org.springframework.boot.test.context.SpringBootTestContextBootstrapper -- Found @SpringBootConfiguration com.nagarro.calculatormvc.CalculatorMvcProjectApplication for test class com.nagarro.calculatormvc.CalculatorMvcProjectApplicationTests

  .   ____          _            __ _ _
 /\\ / ___'_ __ _ _(_)_ __  __ _ \ \ \ \
( ( )\___ | '_ | '_| | '_ \/ _` | \ \ \ \
 \\/  ___)| |_)| | | | | || (_| |  ) ) ) )
  '  |____| .__|_| |_|_| |_\__, | / / / /
 =========|_|==============|___/=/_/_/_/
 :: Spring Boot ::                (v3.2.4)

2024-03-27T21:24:34.977+05:30  INFO 16536 --- [CalculatorMvcProject] [           main] n.c.CalculatorMvcProjectApplicationTests : Starting CalculatorMvcProjectApplicationTests using Java 17.0.7 with PID 16536 (started by tanishasharma in C:\Users\tanishasharma\eclipse-workspace\CalculatorMvcProject)
2024-03-27T21:24:34.979+05:30  INFO 16536 --- [CalculatorMvcProject] [           main] n.c.CalculatorMvcProjectApplicationTests : No active profile set, falling back to 1 default profile: "default"
2024-03-27T21:24:35.866+05:30  INFO 16536 --- [CalculatorMvcProject] [           main] o.s.b.a.w.s.WelcomePageHandlerMapping    : Adding welcome page template: index
2024-03-27T21:24:36.102+05:30  INFO 16536 --- [CalculatorMvcProject] [           main] n.c.CalculatorMvcProjectApplicationTests : Started CalculatorMvcProjectApplicationTests in 1.378 seconds (process running for 2.728)
]]></system-out>
  </testcase>
</testsuite>